2023-08-06 04:47:36.765202 - Initialized conversion of CBT480
2023-08-06 04:47:37.036428 - Received CBT.V505.FILE480.PDS from FILE480.XMI 
2023-08-06 04:47:37.038778 - Found $$$#DATE.txt (text/plain) in CBT.V505.FILE480.PDS, moved to PDS/$$$#DATE
2023-08-06 04:47:37.039790 - Found $$$INDEX.txt (text/plain) in CBT.V505.FILE480.PDS, moved to PDS/$$$INDEX
2023-08-06 04:47:37.040902 - Found $$INDEXE.txt (text/plain) in CBT.V505.FILE480.PDS, moved to PDS/$$INDEXE
2023-08-06 04:47:37.041883 - Found @FILE480.txt (text/plain) in CBT.V505.FILE480.PDS, moved to PDS/@FILE480
2023-08-06 04:47:37.042833 - Found CALCUL.rexx (text/plain) in CBT.V505.FILE480.PDS, moved to PDS/CALCUL
2023-08-06 04:47:37.043798 - Found CALCULP.txt (text/plain) in CBT.V505.FILE480.PDS, moved to PDS/CALCULP
2023-08-06 04:47:37.044683 - Found CKDATEJ.jcl (text/plain) in CBT.V505.FILE480.PDS, moved to PDS/CKDATEJ
2023-08-06 04:47:37.045676 - Found CKDATEP.txt (text/plain) in CBT.V505.FILE480.PDS, moved to PDS/CKDATEP
2023-08-06 04:47:37.046672 - Found CKDATEX.rexx (text/plain) in CBT.V505.FILE480.PDS, moved to PDS/CKDATEX
2023-08-06 04:47:37.047553 - Found CKDELMEJ.jcl (text/plain) in CBT.V505.FILE480.PDS, moved to PDS/CKDELMEJ
2023-08-06 04:47:37.048402 - Found CKDELMEM.txt (text/plain) in CBT.V505.FILE480.PDS, moved to PDS/CKDELMEM
2023-08-06 04:47:37.049278 - Found CKFINAL.txt (text/plain) in CBT.V505.FILE480.PDS, moved to PDS/CKFINAL
2023-08-06 04:47:37.050261 - Found CKIEBGE$.jcl (text/plain) in CBT.V505.FILE480.PDS, moved to PDS/CKIEBGE$
2023-08-06 04:47:37.051229 - Found CKIEBGE#.jcl (text/plain) in CBT.V505.FILE480.PDS, moved to PDS/CKIEBGE#
2023-08-06 04:47:37.052080 - Found CKIEBGE@.txt (text/plain) in CBT.V505.FILE480.PDS, moved to PDS/CKIEBGE@
2023-08-06 04:47:37.052944 - Found CKIEBGEJ.jcl (text/plain) in CBT.V505.FILE480.PDS, moved to PDS/CKIEBGEJ
2023-08-06 04:47:37.053982 - Found CKIEBGEK.jcl (text/plain) in CBT.V505.FILE480.PDS, moved to PDS/CKIEBGEK
2023-08-06 04:47:37.054942 - Found CKIEBGEN.txt (text/plain) in CBT.V505.FILE480.PDS, moved to PDS/CKIEBGEN
2023-08-06 04:47:37.055942 - Found CKIEBGEO.txt (text/plain) in CBT.V505.FILE480.PDS, moved to PDS/CKIEBGEO
2023-08-06 04:47:37.056828 - Found CKIEBG07.txt (text/plain) in CBT.V505.FILE480.PDS, moved to PDS/CKIEBG07
2023-08-06 04:47:37.057722 - Found CKINICIO.txt (text/plain) in CBT.V505.FILE480.PDS, moved to PDS/CKINICIO
2023-08-06 04:47:37.058656 - Found CKLEVEL.txt (text/plain) in CBT.V505.FILE480.PDS, moved to PDS/CKLEVEL
2023-08-06 04:47:37.059598 - Found CKLEVELJ.jcl (text/plain) in CBT.V505.FILE480.PDS, moved to PDS/CKLEVELJ
2023-08-06 04:47:37.060443 - Found CKLOCMEJ.jcl (text/plain) in CBT.V505.FILE480.PDS, moved to PDS/CKLOCMEJ
2023-08-06 04:47:37.061285 - Found CKLOCMEM.txt (text/plain) in CBT.V505.FILE480.PDS, moved to PDS/CKLOCMEM
2023-08-06 04:47:37.062237 - Found CKRENMEJ.jcl (text/plain) in CBT.V505.FILE480.PDS, moved to PDS/CKRENMEJ
2023-08-06 04:47:37.063159 - Found CKRENMEM.txt (text/plain) in CBT.V505.FILE480.PDS, moved to PDS/CKRENMEM
2023-08-06 04:47:37.063995 - Found CKSTJOB.txt (text/plain) in CBT.V505.FILE480.PDS, moved to PDS/CKSTJOB
2023-08-06 04:47:37.064890 - Found CKSTJOBJ.jcl (text/plain) in CBT.V505.FILE480.PDS, moved to PDS/CKSTJOBJ
2023-08-06 04:47:37.065917 - Found CKSYMB.txt (text/plain) in CBT.V505.FILE480.PDS, moved to PDS/CKSYMB
2023-08-06 04:47:37.067041 - Found CKSYMBOL.txt (text/plain) in CBT.V505.FILE480.PDS, moved to PDS/CKSYMBOL
2023-08-06 04:47:37.067972 - Found CKSYMBP.txt (text/plain) in CBT.V505.FILE480.PDS, moved to PDS/CKSYMBP
2023-08-06 04:47:37.069032 - Found CKUSOJ.jcl (text/plain) in CBT.V505.FILE480.PDS, moved to PDS/CKUSOJ
2023-08-06 04:47:37.069936 - Found CKUSOP.txt (text/plain) in CBT.V505.FILE480.PDS, moved to PDS/CKUSOP
2023-08-06 04:47:37.070902 - Found CKUSOX.rexx (text/plain) in CBT.V505.FILE480.PDS, moved to PDS/CKUSOX
2023-08-06 04:47:37.071785 - Found CKYAESTA.txt (text/plain) in CBT.V505.FILE480.PDS, moved to PDS/CKYAESTA
2023-08-06 04:47:37.072689 - Found CKYAESTJ.jcl (text/plain) in CBT.V505.FILE480.PDS, moved to PDS/CKYAESTJ
2023-08-06 04:47:37.073662 - Found LLENAR.txt (text/plain) in CBT.V505.FILE480.PDS, moved to PDS/LLENAR
2023-08-06 04:47:37.092158 - Found LOADLIB.xmi (application/xmit) in CBT.V505.FILE480.PDS
2023-08-06 04:47:37.108619   - Received RECFM=U data, stored XMIT file as CBT480/LOADLIB.xmi
2023-08-06 04:47:37.109653 - Found MENSAJE.txt (text/plain) in CBT.V505.FILE480.PDS, moved to PDS/MENSAJE
2023-08-06 04:47:37.110578 - Found MESES.txt (text/plain) in CBT.V505.FILE480.PDS, moved to PDS/MESES
2023-08-06 04:47:37.110589 - Found MESP1.bin containing application/octet-stream, moved to PDS/MESP1
2023-08-06 04:47:37.111471 - Found MESP2.bin containing application/octet-stream, moved to PDS/MESP2
2023-08-06 04:47:37.112321 - Found MESP3.bin containing application/octet-stream, moved to PDS/MESP3
2023-08-06 04:47:37.114188 - Found PRESTA.txt (text/plain) in CBT.V505.FILE480.PDS, moved to PDS/PRESTA
2023-08-06 04:47:37.115080 - Found PRESTAMO.txt (text/plain) in CBT.V505.FILE480.PDS, moved to PDS/PRESTAMO
2023-08-06 04:47:37.115946 - Found PRESTA4.txt (text/plain) in CBT.V505.FILE480.PDS, moved to PDS/PRESTA4
2023-08-06 04:47:37.116803 - Found SUMAR.txt (text/plain) in CBT.V505.FILE480.PDS, moved to PDS/SUMAR
2023-08-06 04:47:37.117690 - Found VERDSN.rexx (text/plain) in CBT.V505.FILE480.PDS, moved to PDS/VERDSN
2023-08-06 04:47:37.118656 - Found VERDSNP.txt (text/plain) in CBT.V505.FILE480.PDS, moved to PDS/VERDSNP
2023-08-06 04:47:37.119665 - Found VERDSNS.txt (text/plain) in CBT.V505.FILE480.PDS, moved to PDS/VERDSNS
2023-08-06 04:47:37.120579 - Found VER00.txt (text/plain) in CBT.V505.FILE480.PDS, moved to PDS/VER00
